<?xml version="1.0" encoding="UTF-8"?>
<!-- Generated by org.testng.reporters.JUnitReportReporter -->
<testsuite hostname="DESKTOP-4ELCAVJ" failures="0" tests="2" name="com.pn.learning.jenkinsmaven2.AppTest" time="0.009" errors="0" timestamp="2021-04-12T21:22:01 BST" skipped="0">
  <testcase classname="com.pn.learning.jenkinsmaven2.AppTest" name="sumTest" time="0.001"/>
  <system-out/>
  <testcase classname="com.pn.learning.jenkinsmaven2.AppTest" name="shouldAnswerWithTrue" time="0.008"/>
  <system-out/>
</testsuite> <!-- com.pn.learning.jenkinsmaven2.AppTest -->
